12:05:35 **** Incremental Build of configuration Debug for project assig8Q1 ****
make -j8 all 
arm-none-eabi-gcc -o "assig8Q1.elf" @"objects.list"   -mcpu=cortex-m4 -T"C:\ARM  CONTROLLER\Shital_94137\ASSIGNMENT 8\assig8Q1\STM32F407VGTX_FLASH.ld" --specs=nosys.specs -Wl,-Map="assig8Q1.map" -Wl,--gc-sections -static --specs=nano.specs -mfpu=fpv4-sp-d16 -mfloat-abi=hard -mthumb -Wl,--start-group -lc -lm -Wl,--end-group
C:/ST/STM32CubeIDE_1.19.0/STM32CubeIDE/plugins/com.st.stm32cube.ide.mcu.externaltools.gnu-tools-for-stm32.13.3.rel1.win32_1.0.0.202411081344/tools/bin/../lib/gcc/arm-none-eabi/13.3.1/../../../../arm-none-eabi/bin/ld.exe: ./Core/Src/stm32f4xx_it.o: in function `EXTI0_IRQHandler':
C:/ARM  CONTROLLER/Shital_94137/ASSIGNMENT 8/assig8Q1/Debug/../Core/Src/stm32f4xx_it.c:205: multiple definition of `EXTI0_IRQHandler'; ./Core/Src/ext_intr.o:C:/ARM  CONTROLLER/Shital_94137/ASSIGNMENT 8/assig8Q1/Debug/../Core/Src/ext_intr.c:43: first defined here
collect2.exe: error: ld returned 1 exit status
make: *** [makefile:64: assig8Q1.elf] Error 1
"make -j8 all" terminated with exit code 2. Build might be incomplete.

12:05:37 Build Failed. 2 errors, 0 warnings. (took 1s.382ms)

